{"/Users/rhys/fabric-dev/fabric-dev-network/chaincode/sar-anchor/src/sarAnchor.js": {"path":"/Users/rhys/fabric-dev/fabric-dev-network/chaincode/sar-anchor/src/sarAnchor.js","statementMap":{"0":{"start":{"line":11,"column":21},"end":{"line":11,"column":51}},"1":{"start":{"line":17,"column":2},"end":{"line":17,"column":83}},"2":{"start":{"line":24,"column":2},"end":{"line":24,"column":76}},"3":{"start":{"line":31,"column":2},"end":{"line":31,"column":24}},"4":{"start":{"line":38,"column":2},"end":{"line":38,"column":42}},"5":{"start":{"line":43,"column":4},"end":{"line":43,"column":52}},"6":{"start":{"line":60,"column":4},"end":{"line":62,"column":5}},"7":{"start":{"line":61,"column":6},"end":{"line":61,"column":47}},"8":{"start":{"line":63,"column":4},"end":{"line":65,"column":5}},"9":{"start":{"line":64,"column":6},"end":{"line":64,"column":63}},"10":{"start":{"line":68,"column":4},"end":{"line":72,"column":5}},"11":{"start":{"line":69,"column":6},"end":{"line":69,"column":34}},"12":{"start":{"line":71,"column":6},"end":{"line":71,"column":54}},"13":{"start":{"line":75,"column":15},"end":{"line":75,"column":52}},"14":{"start":{"line":76,"column":4},"end":{"line":78,"column":5}},"15":{"start":{"line":77,"column":6},"end":{"line":77,"column":50}},"16":{"start":{"line":81,"column":25},"end":{"line":81,"column":54}},"17":{"start":{"line":82,"column":24},"end":{"line":82,"column":50}},"18":{"start":{"line":85,"column":4},"end":{"line":87,"column":5}},"19":{"start":{"line":86,"column":6},"end":{"line":86,"column":61}},"20":{"start":{"line":90,"column":19},"end":{"line":90,"column":38}},"21":{"start":{"line":91,"column":21},"end":{"line":91,"column":52}},"22":{"start":{"line":92,"column":4},"end":{"line":94,"column":5}},"23":{"start":{"line":93,"column":6},"end":{"line":93,"column":53}},"24":{"start":{"line":97,"column":22},"end":{"line":103,"column":5}},"25":{"start":{"line":106,"column":4},"end":{"line":106,"column":76}},"26":{"start":{"line":109,"column":21},"end":{"line":113,"column":5}},"27":{"start":{"line":114,"column":4},"end":{"line":114,"column":93}},"28":{"start":{"line":117,"column":25},"end":{"line":121,"column":5}},"29":{"start":{"line":122,"column":4},"end":{"line":122,"column":99}},"30":{"start":{"line":125,"column":4},"end":{"line":125,"column":62}},"31":{"start":{"line":128,"column":4},"end":{"line":128,"column":77}},"32":{"start":{"line":130,"column":4},"end":{"line":130,"column":21}},"33":{"start":{"line":144,"column":4},"end":{"line":146,"column":5}},"34":{"start":{"line":145,"column":6},"end":{"line":145,"column":47}},"35":{"start":{"line":149,"column":19},"end":{"line":149,"column":38}},"36":{"start":{"line":150,"column":21},"end":{"line":150,"column":52}},"37":{"start":{"line":151,"column":4},"end":{"line":153,"column":5}},"38":{"start":{"line":152,"column":6},"end":{"line":152,"column":53}},"39":{"start":{"line":155,"column":22},"end":{"line":155,"column":53}},"40":{"start":{"line":158,"column":22},"end":{"line":158,"column":51}},"41":{"start":{"line":159,"column":4},"end":{"line":161,"column":5}},"42":{"start":{"line":160,"column":6},"end":{"line":160,"column":69}},"43":{"start":{"line":164,"column":4},"end":{"line":164,"column":34}},"44":{"start":{"line":165,"column":4},"end":{"line":169,"column":6}},"45":{"start":{"line":172,"column":4},"end":{"line":172,"column":76}},"46":{"start":{"line":175,"column":4},"end":{"line":175,"column":81}},"47":{"start":{"line":177,"column":4},"end":{"line":177,"column":21}},"48":{"start":{"line":186,"column":4},"end":{"line":188,"column":5}},"49":{"start":{"line":187,"column":6},"end":{"line":187,"column":47}},"50":{"start":{"line":191,"column":22},"end":{"line":191,"column":51}},"51":{"start":{"line":192,"column":4},"end":{"line":194,"column":5}},"52":{"start":{"line":193,"column":6},"end":{"line":193,"column":65}},"53":{"start":{"line":196,"column":22},"end":{"line":196,"column":71}},"54":{"start":{"line":197,"column":4},"end":{"line":199,"column":5}},"55":{"start":{"line":198,"column":6},"end":{"line":198,"column":62}},"56":{"start":{"line":201,"column":4},"end":{"line":201,"column":44}},"57":{"start":{"line":210,"column":4},"end":{"line":212,"column":5}},"58":{"start":{"line":211,"column":6},"end":{"line":211,"column":47}},"59":{"start":{"line":215,"column":22},"end":{"line":215,"column":51}},"60":{"start":{"line":216,"column":4},"end":{"line":222,"column":5}},"61":{"start":{"line":221,"column":6},"end":{"line":221,"column":87}},"62":{"start":{"line":224,"column":26},"end":{"line":224,"column":77}},"63":{"start":{"line":225,"column":4},"end":{"line":227,"column":5}},"64":{"start":{"line":226,"column":6},"end":{"line":226,"column":66}},"65":{"start":{"line":229,"column":4},"end":{"line":229,"column":48}},"66":{"start":{"line":237,"column":21},"end":{"line":237,"column":57}},"67":{"start":{"line":238,"column":23},"end":{"line":238,"column":56}},"68":{"start":{"line":240,"column":4},"end":{"line":242,"column":5}},"69":{"start":{"line":241,"column":6},"end":{"line":241,"column":16}},"70":{"start":{"line":244,"column":18},"end":{"line":244,"column":51}},"71":{"start":{"line":245,"column":17},"end":{"line":245,"column":19}},"72":{"start":{"line":247,"column":4},"end":{"line":253,"column":5}},"73":{"start":{"line":248,"column":21},"end":{"line":248,"column":40}},"74":{"start":{"line":249,"column":23},"end":{"line":249,"column":54}},"75":{"start":{"line":250,"column":6},"end":{"line":252,"column":7}},"76":{"start":{"line":251,"column":8},"end":{"line":251,"column":51}},"77":{"start":{"line":255,"column":4},"end":{"line":255,"column":16}},"78":{"start":{"line":263,"column":21},"end":{"line":263,"column":57}},"79":{"start":{"line":264,"column":23},"end":{"line":264,"column":56}},"80":{"start":{"line":267,"column":4},"end":{"line":271,"column":5}},"81":{"start":{"line":268,"column":6},"end":{"line":268,"column":42}},"82":{"start":{"line":270,"column":6},"end":{"line":270,"column":48}},"83":{"start":{"line":273,"column":4},"end":{"line":275,"column":5}},"84":{"start":{"line":274,"column":6},"end":{"line":274,"column":31}},"85":{"start":{"line":277,"column":4},"end":{"line":277,"column":74}},"86":{"start":{"line":281,"column":0},"end":{"line":281,"column":27}}},"fnMap":{"0":{"name":"validateSarId","decl":{"start":{"line":16,"column":9},"end":{"line":16,"column":22}},"loc":{"start":{"line":16,"column":30},"end":{"line":18,"column":1}},"line":16},"1":{"name":"validateHash","decl":{"start":{"line":23,"column":9},"end":{"line":23,"column":21}},"loc":{"start":{"line":23,"column":28},"end":{"line":25,"column":1}},"line":23},"2":{"name":"createSarKey","decl":{"start":{"line":30,"column":9},"end":{"line":30,"column":21}},"loc":{"start":{"line":30,"column":29},"end":{"line":32,"column":1}},"line":30},"3":{"name":"createSubmitterIndexKey","decl":{"start":{"line":37,"column":9},"end":{"line":37,"column":32}},"loc":{"start":{"line":37,"column":46},"end":{"line":39,"column":1}},"line":37},"4":{"name":"(anonymous_4)","decl":{"start":{"line":42,"column":2},"end":{"line":42,"column":3}},"loc":{"start":{"line":42,"column":24},"end":{"line":44,"column":3}},"line":42},"5":{"name":"(anonymous_5)","decl":{"start":{"line":58,"column":2},"end":{"line":58,"column":3}},"loc":{"start":{"line":58,"column":57},"end":{"line":131,"column":3}},"line":58},"6":{"name":"(anonymous_6)","decl":{"start":{"line":143,"column":2},"end":{"line":143,"column":3}},"loc":{"start":{"line":143,"column":65},"end":{"line":178,"column":3}},"line":143},"7":{"name":"(anonymous_7)","decl":{"start":{"line":185,"column":2},"end":{"line":185,"column":3}},"loc":{"start":{"line":185,"column":31},"end":{"line":202,"column":3}},"line":185},"8":{"name":"(anonymous_8)","decl":{"start":{"line":209,"column":2},"end":{"line":209,"column":3}},"loc":{"start":{"line":209,"column":35},"end":{"line":230,"column":3}},"line":209},"9":{"name":"(anonymous_9)","decl":{"start":{"line":236,"column":2},"end":{"line":236,"column":3}},"loc":{"start":{"line":236,"column":35},"end":{"line":256,"column":3}},"line":236},"10":{"name":"(anonymous_10)","decl":{"start":{"line":262,"column":2},"end":{"line":262,"column":3}},"loc":{"start":{"line":262,"column":55},"end":{"line":278,"column":3}},"line":262}},"branchMap":{"0":{"loc":{"start":{"line":17,"column":9},"end":{"line":17,"column":82}},"type":"binary-expr","locations":[{"start":{"line":17,"column":9},"end":{"line":17,"column":14}},{"start":{"line":17,"column":18},"end":{"line":17,"column":43}},{"start":{"line":17,"column":47},"end":{"line":17,"column":82}}],"line":17},"1":{"loc":{"start":{"line":24,"column":9},"end":{"line":24,"column":75}},"type":"binary-expr","locations":[{"start":{"line":24,"column":9},"end":{"line":24,"column":13}},{"start":{"line":24,"column":17},"end":{"line":24,"column":41}},{"start":{"line":24,"column":45},"end":{"line":24,"column":75}}],"line":24},"2":{"loc":{"start":{"line":60,"column":4},"end":{"line":62,"column":5}},"type":"if","locations":[{"start":{"line":60,"column":4},"end":{"line":62,"column":5}},{"start":{},"end":{}}],"line":60},"3":{"loc":{"start":{"line":63,"column":4},"end":{"line":65,"column":5}},"type":"if","locations":[{"start":{"line":63,"column":4},"end":{"line":65,"column":5}},{"start":{},"end":{}}],"line":63},"4":{"loc":{"start":{"line":75,"column":15},"end":{"line":75,"column":52}},"type":"binary-expr","locations":[{"start":{"line":75,"column":15},"end":{"line":75,"column":24}},{"start":{"line":75,"column":28},"end":{"line":75,"column":52}}],"line":75},"5":{"loc":{"start":{"line":76,"column":4},"end":{"line":78,"column":5}},"type":"if","locations":[{"start":{"line":76,"column":4},"end":{"line":78,"column":5}},{"start":{},"end":{}}],"line":76},"6":{"loc":{"start":{"line":85,"column":4},"end":{"line":87,"column":5}},"type":"if","locations":[{"start":{"line":85,"column":4},"end":{"line":87,"column":5}},{"start":{},"end":{}}],"line":85},"7":{"loc":{"start":{"line":85,"column":8},"end":{"line":85,"column":66}},"type":"binary-expr","locations":[{"start":{"line":85,"column":8},"end":{"line":85,"column":35}},{"start":{"line":85,"column":39},"end":{"line":85,"column":66}}],"line":85},"8":{"loc":{"start":{"line":92,"column":4},"end":{"line":94,"column":5}},"type":"if","locations":[{"start":{"line":92,"column":4},"end":{"line":94,"column":5}},{"start":{},"end":{}}],"line":92},"9":{"loc":{"start":{"line":92,"column":8},"end":{"line":92,"column":39}},"type":"binary-expr","locations":[{"start":{"line":92,"column":8},"end":{"line":92,"column":16}},{"start":{"line":92,"column":20},"end":{"line":92,"column":39}}],"line":92},"10":{"loc":{"start":{"line":144,"column":4},"end":{"line":146,"column":5}},"type":"if","locations":[{"start":{"line":144,"column":4},"end":{"line":146,"column":5}},{"start":{},"end":{}}],"line":144},"11":{"loc":{"start":{"line":151,"column":4},"end":{"line":153,"column":5}},"type":"if","locations":[{"start":{"line":151,"column":4},"end":{"line":153,"column":5}},{"start":{},"end":{}}],"line":151},"12":{"loc":{"start":{"line":151,"column":8},"end":{"line":151,"column":42}},"type":"binary-expr","locations":[{"start":{"line":151,"column":8},"end":{"line":151,"column":17}},{"start":{"line":151,"column":21},"end":{"line":151,"column":42}}],"line":151},"13":{"loc":{"start":{"line":159,"column":4},"end":{"line":161,"column":5}},"type":"if","locations":[{"start":{"line":159,"column":4},"end":{"line":161,"column":5}},{"start":{},"end":{}}],"line":159},"14":{"loc":{"start":{"line":186,"column":4},"end":{"line":188,"column":5}},"type":"if","locations":[{"start":{"line":186,"column":4},"end":{"line":188,"column":5}},{"start":{},"end":{}}],"line":186},"15":{"loc":{"start":{"line":192,"column":4},"end":{"line":194,"column":5}},"type":"if","locations":[{"start":{"line":192,"column":4},"end":{"line":194,"column":5}},{"start":{},"end":{}}],"line":192},"16":{"loc":{"start":{"line":192,"column":8},"end":{"line":192,"column":60}},"type":"binary-expr","locations":[{"start":{"line":192,"column":8},"end":{"line":192,"column":32}},{"start":{"line":192,"column":36},"end":{"line":192,"column":60}}],"line":192},"17":{"loc":{"start":{"line":197,"column":4},"end":{"line":199,"column":5}},"type":"if","locations":[{"start":{"line":197,"column":4},"end":{"line":199,"column":5}},{"start":{},"end":{}}],"line":197},"18":{"loc":{"start":{"line":197,"column":8},"end":{"line":197,"column":44}},"type":"binary-expr","locations":[{"start":{"line":197,"column":8},"end":{"line":197,"column":18}},{"start":{"line":197,"column":22},"end":{"line":197,"column":44}}],"line":197},"19":{"loc":{"start":{"line":210,"column":4},"end":{"line":212,"column":5}},"type":"if","locations":[{"start":{"line":210,"column":4},"end":{"line":212,"column":5}},{"start":{},"end":{}}],"line":210},"20":{"loc":{"start":{"line":216,"column":4},"end":{"line":222,"column":5}},"type":"if","locations":[{"start":{"line":216,"column":4},"end":{"line":222,"column":5}},{"start":{},"end":{}}],"line":216},"21":{"loc":{"start":{"line":217,"column":6},"end":{"line":219,"column":42}},"type":"binary-expr","locations":[{"start":{"line":217,"column":6},"end":{"line":217,"column":30}},{"start":{"line":218,"column":6},"end":{"line":218,"column":30}},{"start":{"line":219,"column":6},"end":{"line":219,"column":42}}],"line":217},"22":{"loc":{"start":{"line":225,"column":4},"end":{"line":227,"column":5}},"type":"if","locations":[{"start":{"line":225,"column":4},"end":{"line":227,"column":5}},{"start":{},"end":{}}],"line":225},"23":{"loc":{"start":{"line":225,"column":8},"end":{"line":225,"column":52}},"type":"binary-expr","locations":[{"start":{"line":225,"column":8},"end":{"line":225,"column":22}},{"start":{"line":225,"column":26},"end":{"line":225,"column":52}}],"line":225},"24":{"loc":{"start":{"line":240,"column":4},"end":{"line":242,"column":5}},"type":"if","locations":[{"start":{"line":240,"column":4},"end":{"line":242,"column":5}},{"start":{},"end":{}}],"line":240},"25":{"loc":{"start":{"line":240,"column":8},"end":{"line":240,"column":46}},"type":"binary-expr","locations":[{"start":{"line":240,"column":8},"end":{"line":240,"column":19}},{"start":{"line":240,"column":23},"end":{"line":240,"column":46}}],"line":240},"26":{"loc":{"start":{"line":247,"column":24},"end":{"line":247,"column":42}},"type":"binary-expr","locations":[{"start":{"line":247,"column":24},"end":{"line":247,"column":36}},{"start":{"line":247,"column":40},"end":{"line":247,"column":42}}],"line":247},"27":{"loc":{"start":{"line":250,"column":6},"end":{"line":252,"column":7}},"type":"if","locations":[{"start":{"line":250,"column":6},"end":{"line":252,"column":7}},{"start":{},"end":{}}],"line":250},"28":{"loc":{"start":{"line":250,"column":10},"end":{"line":250,"column":41}},"type":"binary-expr","locations":[{"start":{"line":250,"column":10},"end":{"line":250,"column":18}},{"start":{"line":250,"column":22},"end":{"line":250,"column":41}}],"line":250},"29":{"loc":{"start":{"line":267,"column":4},"end":{"line":271,"column":5}},"type":"if","locations":[{"start":{"line":267,"column":4},"end":{"line":271,"column":5}},{"start":{"line":269,"column":11},"end":{"line":271,"column":5}}],"line":267},"30":{"loc":{"start":{"line":267,"column":8},"end":{"line":267,"column":46}},"type":"binary-expr","locations":[{"start":{"line":267,"column":8},"end":{"line":267,"column":19}},{"start":{"line":267,"column":23},"end":{"line":267,"column":46}}],"line":267},"31":{"loc":{"start":{"line":273,"column":4},"end":{"line":275,"column":5}},"type":"if","locations":[{"start":{"line":273,"column":4},"end":{"line":275,"column":5}},{"start":{},"end":{}}],"line":273}},"s":{"0":1,"1":0,"2":0,"3":0,"4":0,"5":0,"6":0,"7":0,"8":0,"9":0,"10":0,"11":0,"12":0,"13":0,"14":0,"15":0,"16":0,"17":0,"18":0,"19":0,"20":0,"21":0,"22":0,"23":0,"24":0,"25":0,"26":0,"27":0,"28":0,"29":0,"30":0,"31":0,"32":0,"33":0,"34":0,"35":0,"36":0,"37":0,"38":0,"39":0,"40":0,"41":0,"42":0,"43":0,"44":0,"45":0,"46":0,"47":0,"48":0,"49":0,"50":0,"51":0,"52":0,"53":0,"54":0,"55":0,"56":0,"57":0,"58":0,"59":0,"60":0,"61":0,"62":0,"63":0,"64":0,"65":0,"66":0,"67":0,"68":0,"69":0,"70":0,"71":0,"72":0,"73":0,"74":0,"75":0,"76":0,"77":0,"78":0,"79":0,"80":0,"81":0,"82":0,"83":0,"84":0,"85":0,"86":1},"f":{"0":0,"1":0,"2":0,"3":0,"4":0,"5":0,"6":0,"7":0,"8":0,"9":0,"10":0},"b":{"0":[0,0,0],"1":[0,0,0],"2":[0,0],"3":[0,0],"4":[0,0],"5":[0,0],"6":[0,0],"7":[0,0],"8":[0,0],"9":[0,0],"10":[0,0],"11":[0,0],"12":[0,0],"13":[0,0],"14":[0,0],"15":[0,0],"16":[0,0],"17":[0,0],"18":[0,0],"19":[0,0],"20":[0,0],"21":[0,0,0],"22":[0,0],"23":[0,0],"24":[0,0],"25":[0,0],"26":[0,0],"27":[0,0],"28":[0,0],"29":[0,0],"30":[0,0],"31":[0,0]},"_coverageSchema":"1a1c01bbd47fc00a2c39e90264f33305004495a9","hash":"2dace4f4915f6e5c7468d22d05b2383cbdb73771"}
}
