TN:
SF:src/sarAnchor.js
FN:16,validateSarId
FN:23,validateHash
FN:30,createSarKey
FN:37,createSubmitterIndexKey
FN:42,(anonymous_4)
FN:58,(anonymous_5)
FN:143,(anonymous_6)
FN:185,(anonymous_7)
FN:209,(anonymous_8)
FN:236,(anonymous_9)
FN:262,(anonymous_10)
FNF:11
FNH:0
FNDA:0,validateSarId
FNDA:0,validateHash
FNDA:0,createSarKey
FNDA:0,createSubmitterIndexKey
FNDA:0,(anonymous_4)
FNDA:0,(anonymous_5)
FNDA:0,(anonymous_6)
FNDA:0,(anonymous_7)
FNDA:0,(anonymous_8)
FNDA:0,(anonymous_9)
FNDA:0,(anonymous_10)
DA:11,1
DA:17,0
DA:24,0
DA:31,0
DA:38,0
DA:43,0
DA:60,0
DA:61,0
DA:63,0
DA:64,0
DA:68,0
DA:69,0
DA:71,0
DA:75,0
DA:76,0
DA:77,0
DA:81,0
DA:82,0
DA:85,0
DA:86,0
DA:90,0
DA:91,0
DA:92,0
DA:93,0
DA:97,0
DA:106,0
DA:109,0
DA:114,0
DA:117,0
DA:122,0
DA:125,0
DA:128,0
DA:130,0
DA:144,0
DA:145,0
DA:149,0
DA:150,0
DA:151,0
DA:152,0
DA:155,0
DA:158,0
DA:159,0
DA:160,0
DA:164,0
DA:165,0
DA:172,0
DA:175,0
DA:177,0
DA:186,0
DA:187,0
DA:191,0
DA:192,0
DA:193,0
DA:196,0
DA:197,0
DA:198,0
DA:201,0
DA:210,0
DA:211,0
DA:215,0
DA:216,0
DA:221,0
DA:224,0
DA:225,0
DA:226,0
DA:229,0
DA:237,0
DA:238,0
DA:240,0
DA:241,0
DA:244,0
DA:245,0
DA:247,0
DA:248,0
DA:249,0
DA:250,0
DA:251,0
DA:255,0
DA:263,0
DA:264,0
DA:267,0
DA:268,0
DA:270,0
DA:273,0
DA:274,0
DA:277,0
DA:281,1
LF:87
LH:2
BRDA:17,0,0,0
BRDA:17,0,1,0
BRDA:17,0,2,0
BRDA:24,1,0,0
BRDA:24,1,1,0
BRDA:24,1,2,0
BRDA:60,2,0,0
BRDA:60,2,1,0
BRDA:63,3,0,0
BRDA:63,3,1,0
BRDA:75,4,0,0
BRDA:75,4,1,0
BRDA:76,5,0,0
BRDA:76,5,1,0
BRDA:85,6,0,0
BRDA:85,6,1,0
BRDA:85,7,0,0
BRDA:85,7,1,0
BRDA:92,8,0,0
BRDA:92,8,1,0
BRDA:92,9,0,0
BRDA:92,9,1,0
BRDA:144,10,0,0
BRDA:144,10,1,0
BRDA:151,11,0,0
BRDA:151,11,1,0
BRDA:151,12,0,0
BRDA:151,12,1,0
BRDA:159,13,0,0
BRDA:159,13,1,0
BRDA:186,14,0,0
BRDA:186,14,1,0
BRDA:192,15,0,0
BRDA:192,15,1,0
BRDA:192,16,0,0
BRDA:192,16,1,0
BRDA:197,17,0,0
BRDA:197,17,1,0
BRDA:197,18,0,0
BRDA:197,18,1,0
BRDA:210,19,0,0
BRDA:210,19,1,0
BRDA:216,20,0,0
BRDA:216,20,1,0
BRDA:217,21,0,0
BRDA:217,21,1,0
BRDA:217,21,2,0
BRDA:225,22,0,0
BRDA:225,22,1,0
BRDA:225,23,0,0
BRDA:225,23,1,0
BRDA:240,24,0,0
BRDA:240,24,1,0
BRDA:240,25,0,0
BRDA:240,25,1,0
BRDA:247,26,0,0
BRDA:247,26,1,0
BRDA:250,27,0,0
BRDA:250,27,1,0
BRDA:250,28,0,0
BRDA:250,28,1,0
BRDA:267,29,0,0
BRDA:267,29,1,0
BRDA:267,30,0,0
BRDA:267,30,1,0
BRDA:273,31,0,0
BRDA:273,31,1,0
BRF:67
BRH:0
end_of_record
