{"/Users/rhys/fabric-dev/fabric-dev-network/chaincode/model-registry/src/modelRegistry.js": {"path":"/Users/rhys/fabric-dev/fabric-dev-network/chaincode/model-registry/src/modelRegistry.js","statementMap":{"0":{"start":{"line":10,"column":21},"end":{"line":10,"column":51}},"1":{"start":{"line":20,"column":4},"end":{"line":20,"column":23}},"2":{"start":{"line":27,"column":4},"end":{"line":27,"column":56}},"3":{"start":{"line":44,"column":4},"end":{"line":46,"column":5}},"4":{"start":{"line":45,"column":6},"end":{"line":45,"column":49}},"5":{"start":{"line":47,"column":4},"end":{"line":49,"column":5}},"6":{"start":{"line":48,"column":6},"end":{"line":48,"column":79}},"7":{"start":{"line":50,"column":4},"end":{"line":52,"column":5}},"8":{"start":{"line":51,"column":6},"end":{"line":51,"column":63}},"9":{"start":{"line":53,"column":4},"end":{"line":55,"column":5}},"10":{"start":{"line":54,"column":6},"end":{"line":54,"column":50}},"11":{"start":{"line":58,"column":4},"end":{"line":62,"column":5}},"12":{"start":{"line":59,"column":6},"end":{"line":59,"column":38}},"13":{"start":{"line":61,"column":6},"end":{"line":61,"column":56}},"14":{"start":{"line":63,"column":4},"end":{"line":65,"column":5}},"15":{"start":{"line":64,"column":6},"end":{"line":64,"column":63}},"16":{"start":{"line":68,"column":29},"end":{"line":68,"column":71}},"17":{"start":{"line":69,"column":4},"end":{"line":76,"column":5}},"18":{"start":{"line":70,"column":28},"end":{"line":70,"column":73}},"19":{"start":{"line":71,"column":6},"end":{"line":75,"column":7}},"20":{"start":{"line":72,"column":8},"end":{"line":74,"column":10}},"21":{"start":{"line":79,"column":21},"end":{"line":79,"column":53}},"22":{"start":{"line":80,"column":21},"end":{"line":80,"column":54}},"23":{"start":{"line":81,"column":4},"end":{"line":83,"column":5}},"24":{"start":{"line":82,"column":6},"end":{"line":82,"column":76}},"25":{"start":{"line":86,"column":25},"end":{"line":86,"column":54}},"26":{"start":{"line":87,"column":24},"end":{"line":87,"column":50}},"27":{"start":{"line":90,"column":24},"end":{"line":106,"column":5}},"28":{"start":{"line":109,"column":4},"end":{"line":109,"column":80}},"29":{"start":{"line":112,"column":4},"end":{"line":112,"column":56}},"30":{"start":{"line":115,"column":4},"end":{"line":115,"column":83}},"31":{"start":{"line":117,"column":4},"end":{"line":117,"column":23}},"32":{"start":{"line":132,"column":4},"end":{"line":134,"column":5}},"33":{"start":{"line":133,"column":6},"end":{"line":133,"column":49}},"34":{"start":{"line":135,"column":4},"end":{"line":137,"column":5}},"35":{"start":{"line":136,"column":6},"end":{"line":136,"column":48}},"36":{"start":{"line":138,"column":4},"end":{"line":140,"column":5}},"37":{"start":{"line":139,"column":6},"end":{"line":139,"column":50}},"38":{"start":{"line":143,"column":21},"end":{"line":143,"column":53}},"39":{"start":{"line":144,"column":21},"end":{"line":144,"column":54}},"40":{"start":{"line":145,"column":4},"end":{"line":147,"column":5}},"41":{"start":{"line":146,"column":6},"end":{"line":146,"column":76}},"42":{"start":{"line":149,"column":24},"end":{"line":149,"column":55}},"43":{"start":{"line":152,"column":24},"end":{"line":152,"column":53}},"44":{"start":{"line":153,"column":23},"end":{"line":153,"column":49}},"45":{"start":{"line":156,"column":4},"end":{"line":158,"column":5}},"46":{"start":{"line":157,"column":6},"end":{"line":157,"column":64}},"47":{"start":{"line":161,"column":29},"end":{"line":163,"column":5}},"48":{"start":{"line":162,"column":13},"end":{"line":162,"column":36}},"49":{"start":{"line":164,"column":4},"end":{"line":166,"column":5}},"50":{"start":{"line":165,"column":6},"end":{"line":165,"column":66}},"51":{"start":{"line":169,"column":4},"end":{"line":173,"column":7}},"52":{"start":{"line":176,"column":4},"end":{"line":176,"column":80}},"53":{"start":{"line":179,"column":4},"end":{"line":179,"column":81}},"54":{"start":{"line":181,"column":4},"end":{"line":181,"column":23}},"55":{"start":{"line":193,"column":4},"end":{"line":195,"column":5}},"56":{"start":{"line":194,"column":6},"end":{"line":194,"column":49}},"57":{"start":{"line":196,"column":4},"end":{"line":198,"column":5}},"58":{"start":{"line":197,"column":6},"end":{"line":197,"column":48}},"59":{"start":{"line":200,"column":21},"end":{"line":200,"column":53}},"60":{"start":{"line":201,"column":23},"end":{"line":201,"column":56}},"61":{"start":{"line":203,"column":4},"end":{"line":205,"column":5}},"62":{"start":{"line":204,"column":6},"end":{"line":204,"column":76}},"63":{"start":{"line":207,"column":4},"end":{"line":207,"column":45}},"64":{"start":{"line":218,"column":4},"end":{"line":220,"column":5}},"65":{"start":{"line":219,"column":6},"end":{"line":219,"column":49}},"66":{"start":{"line":222,"column":21},"end":{"line":222,"column":63}},"67":{"start":{"line":223,"column":4},"end":{"line":223,"column":20}},"68":{"start":{"line":231,"column":21},"end":{"line":231,"column":49}},"69":{"start":{"line":232,"column":23},"end":{"line":232,"column":56}},"70":{"start":{"line":234,"column":4},"end":{"line":236,"column":5}},"71":{"start":{"line":235,"column":6},"end":{"line":235,"column":16}},"72":{"start":{"line":238,"column":18},"end":{"line":238,"column":51}},"73":{"start":{"line":239,"column":4},"end":{"line":239,"column":32}},"74":{"start":{"line":247,"column":21},"end":{"line":247,"column":49}},"75":{"start":{"line":248,"column":23},"end":{"line":248,"column":56}},"76":{"start":{"line":251,"column":4},"end":{"line":255,"column":5}},"77":{"start":{"line":252,"column":6},"end":{"line":252,"column":40}},"78":{"start":{"line":254,"column":6},"end":{"line":254,"column":48}},"79":{"start":{"line":257,"column":4},"end":{"line":261,"column":5}},"80":{"start":{"line":258,"column":6},"end":{"line":258,"column":35}},"81":{"start":{"line":260,"column":6},"end":{"line":260,"column":43}},"82":{"start":{"line":263,"column":4},"end":{"line":263,"column":74}},"83":{"start":{"line":267,"column":0},"end":{"line":267,"column":31}}},"fnMap":{"0":{"name":"(anonymous_0)","decl":{"start":{"line":26,"column":2},"end":{"line":26,"column":3}},"loc":{"start":{"line":26,"column":24},"end":{"line":28,"column":3}},"line":26},"1":{"name":"(anonymous_1)","decl":{"start":{"line":42,"column":2},"end":{"line":42,"column":3}},"loc":{"start":{"line":42,"column":74},"end":{"line":118,"column":3}},"line":42},"2":{"name":"(anonymous_2)","decl":{"start":{"line":130,"column":2},"end":{"line":130,"column":3}},"loc":{"start":{"line":130,"column":55},"end":{"line":182,"column":3}},"line":130},"3":{"name":"(anonymous_3)","decl":{"start":{"line":162,"column":6},"end":{"line":162,"column":7}},"loc":{"start":{"line":162,"column":13},"end":{"line":162,"column":36}},"line":162},"4":{"name":"(anonymous_4)","decl":{"start":{"line":192,"column":2},"end":{"line":192,"column":3}},"loc":{"start":{"line":192,"column":40},"end":{"line":208,"column":3}},"line":192},"5":{"name":"(anonymous_5)","decl":{"start":{"line":217,"column":2},"end":{"line":217,"column":3}},"loc":{"start":{"line":217,"column":33},"end":{"line":224,"column":3}},"line":217},"6":{"name":"(anonymous_6)","decl":{"start":{"line":230,"column":2},"end":{"line":230,"column":3}},"loc":{"start":{"line":230,"column":40},"end":{"line":240,"column":3}},"line":230},"7":{"name":"(anonymous_7)","decl":{"start":{"line":246,"column":2},"end":{"line":246,"column":3}},"loc":{"start":{"line":246,"column":49},"end":{"line":264,"column":3}},"line":246}},"branchMap":{"0":{"loc":{"start":{"line":44,"column":4},"end":{"line":46,"column":5}},"type":"if","locations":[{"start":{"line":44,"column":4},"end":{"line":46,"column":5}},{"start":{},"end":{}}],"line":44},"1":{"loc":{"start":{"line":47,"column":4},"end":{"line":49,"column":5}},"type":"if","locations":[{"start":{"line":47,"column":4},"end":{"line":49,"column":5}},{"start":{},"end":{}}],"line":47},"2":{"loc":{"start":{"line":50,"column":4},"end":{"line":52,"column":5}},"type":"if","locations":[{"start":{"line":50,"column":4},"end":{"line":52,"column":5}},{"start":{},"end":{}}],"line":50},"3":{"loc":{"start":{"line":53,"column":4},"end":{"line":55,"column":5}},"type":"if","locations":[{"start":{"line":53,"column":4},"end":{"line":55,"column":5}},{"start":{},"end":{}}],"line":53},"4":{"loc":{"start":{"line":63,"column":4},"end":{"line":65,"column":5}},"type":"if","locations":[{"start":{"line":63,"column":4},"end":{"line":65,"column":5}},{"start":{},"end":{}}],"line":63},"5":{"loc":{"start":{"line":69,"column":4},"end":{"line":76,"column":5}},"type":"if","locations":[{"start":{"line":69,"column":4},"end":{"line":76,"column":5}},{"start":{},"end":{}}],"line":69},"6":{"loc":{"start":{"line":71,"column":6},"end":{"line":75,"column":7}},"type":"if","locations":[{"start":{"line":71,"column":6},"end":{"line":75,"column":7}},{"start":{},"end":{}}],"line":71},"7":{"loc":{"start":{"line":81,"column":4},"end":{"line":83,"column":5}},"type":"if","locations":[{"start":{"line":81,"column":4},"end":{"line":83,"column":5}},{"start":{},"end":{}}],"line":81},"8":{"loc":{"start":{"line":81,"column":8},"end":{"line":81,"column":39}},"type":"binary-expr","locations":[{"start":{"line":81,"column":8},"end":{"line":81,"column":16}},{"start":{"line":81,"column":20},"end":{"line":81,"column":39}}],"line":81},"9":{"loc":{"start":{"line":132,"column":4},"end":{"line":134,"column":5}},"type":"if","locations":[{"start":{"line":132,"column":4},"end":{"line":134,"column":5}},{"start":{},"end":{}}],"line":132},"10":{"loc":{"start":{"line":135,"column":4},"end":{"line":137,"column":5}},"type":"if","locations":[{"start":{"line":135,"column":4},"end":{"line":137,"column":5}},{"start":{},"end":{}}],"line":135},"11":{"loc":{"start":{"line":138,"column":4},"end":{"line":140,"column":5}},"type":"if","locations":[{"start":{"line":138,"column":4},"end":{"line":140,"column":5}},{"start":{},"end":{}}],"line":138},"12":{"loc":{"start":{"line":145,"column":4},"end":{"line":147,"column":5}},"type":"if","locations":[{"start":{"line":145,"column":4},"end":{"line":147,"column":5}},{"start":{},"end":{}}],"line":145},"13":{"loc":{"start":{"line":145,"column":8},"end":{"line":145,"column":42}},"type":"binary-expr","locations":[{"start":{"line":145,"column":8},"end":{"line":145,"column":17}},{"start":{"line":145,"column":21},"end":{"line":145,"column":42}}],"line":145},"14":{"loc":{"start":{"line":156,"column":4},"end":{"line":158,"column":5}},"type":"if","locations":[{"start":{"line":156,"column":4},"end":{"line":158,"column":5}},{"start":{},"end":{}}],"line":156},"15":{"loc":{"start":{"line":156,"column":8},"end":{"line":156,"column":64}},"type":"binary-expr","locations":[{"start":{"line":156,"column":8},"end":{"line":156,"column":34}},{"start":{"line":156,"column":38},"end":{"line":156,"column":64}}],"line":156},"16":{"loc":{"start":{"line":164,"column":4},"end":{"line":166,"column":5}},"type":"if","locations":[{"start":{"line":164,"column":4},"end":{"line":166,"column":5}},{"start":{},"end":{}}],"line":164},"17":{"loc":{"start":{"line":193,"column":4},"end":{"line":195,"column":5}},"type":"if","locations":[{"start":{"line":193,"column":4},"end":{"line":195,"column":5}},{"start":{},"end":{}}],"line":193},"18":{"loc":{"start":{"line":196,"column":4},"end":{"line":198,"column":5}},"type":"if","locations":[{"start":{"line":196,"column":4},"end":{"line":198,"column":5}},{"start":{},"end":{}}],"line":196},"19":{"loc":{"start":{"line":203,"column":4},"end":{"line":205,"column":5}},"type":"if","locations":[{"start":{"line":203,"column":4},"end":{"line":205,"column":5}},{"start":{},"end":{}}],"line":203},"20":{"loc":{"start":{"line":203,"column":8},"end":{"line":203,"column":46}},"type":"binary-expr","locations":[{"start":{"line":203,"column":8},"end":{"line":203,"column":19}},{"start":{"line":203,"column":23},"end":{"line":203,"column":46}}],"line":203},"21":{"loc":{"start":{"line":218,"column":4},"end":{"line":220,"column":5}},"type":"if","locations":[{"start":{"line":218,"column":4},"end":{"line":220,"column":5}},{"start":{},"end":{}}],"line":218},"22":{"loc":{"start":{"line":234,"column":4},"end":{"line":236,"column":5}},"type":"if","locations":[{"start":{"line":234,"column":4},"end":{"line":236,"column":5}},{"start":{},"end":{}}],"line":234},"23":{"loc":{"start":{"line":234,"column":8},"end":{"line":234,"column":46}},"type":"binary-expr","locations":[{"start":{"line":234,"column":8},"end":{"line":234,"column":19}},{"start":{"line":234,"column":23},"end":{"line":234,"column":46}}],"line":234},"24":{"loc":{"start":{"line":239,"column":11},"end":{"line":239,"column":31}},"type":"binary-expr","locations":[{"start":{"line":239,"column":11},"end":{"line":239,"column":25}},{"start":{"line":239,"column":29},"end":{"line":239,"column":31}}],"line":239},"25":{"loc":{"start":{"line":251,"column":4},"end":{"line":255,"column":5}},"type":"if","locations":[{"start":{"line":251,"column":4},"end":{"line":255,"column":5}},{"start":{"line":253,"column":11},"end":{"line":255,"column":5}}],"line":251},"26":{"loc":{"start":{"line":251,"column":8},"end":{"line":251,"column":46}},"type":"binary-expr","locations":[{"start":{"line":251,"column":8},"end":{"line":251,"column":19}},{"start":{"line":251,"column":23},"end":{"line":251,"column":46}}],"line":251},"27":{"loc":{"start":{"line":257,"column":4},"end":{"line":261,"column":5}},"type":"if","locations":[{"start":{"line":257,"column":4},"end":{"line":261,"column":5}},{"start":{},"end":{}}],"line":257}},"s":{"0":1,"1":1,"2":0,"3":0,"4":0,"5":0,"6":0,"7":0,"8":0,"9":0,"10":0,"11":0,"12":0,"13":0,"14":0,"15":0,"16":0,"17":0,"18":0,"19":0,"20":0,"21":0,"22":0,"23":0,"24":0,"25":0,"26":0,"27":0,"28":0,"29":0,"30":0,"31":0,"32":0,"33":0,"34":0,"35":0,"36":0,"37":0,"38":0,"39":0,"40":0,"41":0,"42":0,"43":0,"44":0,"45":0,"46":0,"47":0,"48":0,"49":0,"50":0,"51":0,"52":0,"53":0,"54":0,"55":0,"56":0,"57":0,"58":0,"59":0,"60":0,"61":0,"62":0,"63":0,"64":0,"65":0,"66":0,"67":0,"68":0,"69":0,"70":0,"71":0,"72":0,"73":0,"74":0,"75":0,"76":0,"77":0,"78":0,"79":0,"80":0,"81":0,"82":0,"83":1},"f":{"0":0,"1":0,"2":0,"3":0,"4":0,"5":0,"6":0,"7":0},"b":{"0":[0,0],"1":[0,0],"2":[0,0],"3":[0,0],"4":[0,0],"5":[0,0],"6":[0,0],"7":[0,0],"8":[0,0],"9":[0,0],"10":[0,0],"11":[0,0],"12":[0,0],"13":[0,0],"14":[0,0],"15":[0,0],"16":[0,0],"17":[0,0],"18":[0,0],"19":[0,0],"20":[0,0],"21":[0,0],"22":[0,0],"23":[0,0],"24":[0,0],"25":[0,0],"26":[0,0],"27":[0,0]},"_coverageSchema":"1a1c01bbd47fc00a2c39e90264f33305004495a9","hash":"3dbca75089c62caafeacd15d360d58c8c271cb55"}
,"/Users/rhys/fabric-dev/fabric-dev-network/chaincode/model-registry/src/models.js": {"path":"/Users/rhys/fabric-dev/fabric-dev-network/chaincode/model-registry/src/models.js","statementMap":{"0":{"start":{"line":14,"column":2},"end":{"line":16,"column":3}},"1":{"start":{"line":15,"column":4},"end":{"line":15,"column":17}},"2":{"start":{"line":18,"column":2},"end":{"line":18,"column":47}},"3":{"start":{"line":27,"column":2},"end":{"line":29,"column":3}},"4":{"start":{"line":28,"column":4},"end":{"line":28,"column":17}},"5":{"start":{"line":31,"column":2},"end":{"line":31,"column":41}},"6":{"start":{"line":40,"column":2},"end":{"line":42,"column":3}},"7":{"start":{"line":41,"column":4},"end":{"line":41,"column":17}},"8":{"start":{"line":44,"column":2},"end":{"line":44,"column":40}},"9":{"start":{"line":53,"column":2},"end":{"line":55,"column":3}},"10":{"start":{"line":54,"column":4},"end":{"line":54,"column":17}},"11":{"start":{"line":57,"column":2},"end":{"line":57,"column":69}},"12":{"start":{"line":66,"column":2},"end":{"line":68,"column":3}},"13":{"start":{"line":67,"column":4},"end":{"line":67,"column":17}},"14":{"start":{"line":70,"column":2},"end":{"line":70,"column":44}},"15":{"start":{"line":80,"column":17},"end":{"line":80,"column":42}},"16":{"start":{"line":81,"column":17},"end":{"line":81,"column":42}},"17":{"start":{"line":83,"column":2},"end":{"line":88,"column":3}},"18":{"start":{"line":83,"column":15},"end":{"line":83,"column":16}},"19":{"start":{"line":84,"column":18},"end":{"line":84,"column":32}},"20":{"start":{"line":85,"column":18},"end":{"line":85,"column":32}},"21":{"start":{"line":86,"column":4},"end":{"line":86,"column":33}},"22":{"start":{"line":86,"column":23},"end":{"line":86,"column":33}},"23":{"start":{"line":87,"column":4},"end":{"line":87,"column":32}},"24":{"start":{"line":87,"column":23},"end":{"line":87,"column":32}},"25":{"start":{"line":89,"column":2},"end":{"line":89,"column":11}},"26":{"start":{"line":99,"column":2},"end":{"line":99,"column":39}},"27":{"start":{"line":108,"column":2},"end":{"line":108,"column":34}},"28":{"start":{"line":111,"column":0},"end":{"line":120,"column":2}}},"fnMap":{"0":{"name":"validateModelId","decl":{"start":{"line":13,"column":9},"end":{"line":13,"column":24}},"loc":{"start":{"line":13,"column":34},"end":{"line":19,"column":1}},"line":13},"1":{"name":"validateVersion","decl":{"start":{"line":26,"column":9},"end":{"line":26,"column":24}},"loc":{"start":{"line":26,"column":34},"end":{"line":32,"column":1}},"line":26},"2":{"name":"validateHash","decl":{"start":{"line":39,"column":9},"end":{"line":39,"column":21}},"loc":{"start":{"line":39,"column":28},"end":{"line":45,"column":1}},"line":39},"3":{"name":"validateSignature","decl":{"start":{"line":52,"column":9},"end":{"line":52,"column":26}},"loc":{"start":{"line":52,"column":38},"end":{"line":58,"column":1}},"line":52},"4":{"name":"validateParameters","decl":{"start":{"line":65,"column":9},"end":{"line":65,"column":27}},"loc":{"start":{"line":65,"column":40},"end":{"line":71,"column":1}},"line":65},"5":{"name":"compareVersions","decl":{"start":{"line":79,"column":9},"end":{"line":79,"column":24}},"loc":{"start":{"line":79,"column":33},"end":{"line":90,"column":1}},"line":79},"6":{"name":"createModelKey","decl":{"start":{"line":98,"column":9},"end":{"line":98,"column":23}},"loc":{"start":{"line":98,"column":42},"end":{"line":100,"column":1}},"line":98},"7":{"name":"createModelIndexKey","decl":{"start":{"line":107,"column":9},"end":{"line":107,"column":28}},"loc":{"start":{"line":107,"column":38},"end":{"line":109,"column":1}},"line":107}},"branchMap":{"0":{"loc":{"start":{"line":14,"column":2},"end":{"line":16,"column":3}},"type":"if","locations":[{"start":{"line":14,"column":2},"end":{"line":16,"column":3}},{"start":{},"end":{}}],"line":14},"1":{"loc":{"start":{"line":14,"column":6},"end":{"line":14,"column":45}},"type":"binary-expr","locations":[{"start":{"line":14,"column":6},"end":{"line":14,"column":14}},{"start":{"line":14,"column":18},"end":{"line":14,"column":45}}],"line":14},"2":{"loc":{"start":{"line":27,"column":2},"end":{"line":29,"column":3}},"type":"if","locations":[{"start":{"line":27,"column":2},"end":{"line":29,"column":3}},{"start":{},"end":{}}],"line":27},"3":{"loc":{"start":{"line":27,"column":6},"end":{"line":27,"column":45}},"type":"binary-expr","locations":[{"start":{"line":27,"column":6},"end":{"line":27,"column":14}},{"start":{"line":27,"column":18},"end":{"line":27,"column":45}}],"line":27},"4":{"loc":{"start":{"line":40,"column":2},"end":{"line":42,"column":3}},"type":"if","locations":[{"start":{"line":40,"column":2},"end":{"line":42,"column":3}},{"start":{},"end":{}}],"line":40},"5":{"loc":{"start":{"line":40,"column":6},"end":{"line":40,"column":39}},"type":"binary-expr","locations":[{"start":{"line":40,"column":6},"end":{"line":40,"column":11}},{"start":{"line":40,"column":15},"end":{"line":40,"column":39}}],"line":40},"6":{"loc":{"start":{"line":53,"column":2},"end":{"line":55,"column":3}},"type":"if","locations":[{"start":{"line":53,"column":2},"end":{"line":55,"column":3}},{"start":{},"end":{}}],"line":53},"7":{"loc":{"start":{"line":53,"column":6},"end":{"line":53,"column":49}},"type":"binary-expr","locations":[{"start":{"line":53,"column":6},"end":{"line":53,"column":16}},{"start":{"line":53,"column":20},"end":{"line":53,"column":49}}],"line":53},"8":{"loc":{"start":{"line":57,"column":9},"end":{"line":57,"column":68}},"type":"binary-expr","locations":[{"start":{"line":57,"column":9},"end":{"line":57,"column":44}},{"start":{"line":57,"column":48},"end":{"line":57,"column":68}}],"line":57},"9":{"loc":{"start":{"line":66,"column":2},"end":{"line":68,"column":3}},"type":"if","locations":[{"start":{"line":66,"column":2},"end":{"line":68,"column":3}},{"start":{},"end":{}}],"line":66},"10":{"loc":{"start":{"line":66,"column":6},"end":{"line":66,"column":51}},"type":"binary-expr","locations":[{"start":{"line":66,"column":6},"end":{"line":66,"column":17}},{"start":{"line":66,"column":21},"end":{"line":66,"column":51}}],"line":66},"11":{"loc":{"start":{"line":84,"column":18},"end":{"line":84,"column":32}},"type":"binary-expr","locations":[{"start":{"line":84,"column":18},"end":{"line":84,"column":27}},{"start":{"line":84,"column":31},"end":{"line":84,"column":32}}],"line":84},"12":{"loc":{"start":{"line":85,"column":18},"end":{"line":85,"column":32}},"type":"binary-expr","locations":[{"start":{"line":85,"column":18},"end":{"line":85,"column":27}},{"start":{"line":85,"column":31},"end":{"line":85,"column":32}}],"line":85},"13":{"loc":{"start":{"line":86,"column":4},"end":{"line":86,"column":33}},"type":"if","locations":[{"start":{"line":86,"column":4},"end":{"line":86,"column":33}},{"start":{},"end":{}}],"line":86},"14":{"loc":{"start":{"line":87,"column":4},"end":{"line":87,"column":32}},"type":"if","locations":[{"start":{"line":87,"column":4},"end":{"line":87,"column":32}},{"start":{},"end":{}}],"line":87}},"s":{"0":0,"1":0,"2":0,"3":0,"4":0,"5":0,"6":0,"7":0,"8":0,"9":0,"10":0,"11":0,"12":0,"13":0,"14":0,"15":0,"16":0,"17":0,"18":0,"19":0,"20":0,"21":0,"22":0,"23":0,"24":0,"25":0,"26":0,"27":0,"28":1},"f":{"0":0,"1":0,"2":0,"3":0,"4":0,"5":0,"6":0,"7":0},"b":{"0":[0,0],"1":[0,0],"2":[0,0],"3":[0,0],"4":[0,0],"5":[0,0],"6":[0,0],"7":[0,0],"8":[0,0],"9":[0,0],"10":[0,0],"11":[0,0],"12":[0,0],"13":[0,0],"14":[0,0]},"_coverageSchema":"1a1c01bbd47fc00a2c39e90264f33305004495a9","hash":"18cc05d8673570e480222650342ca76150d166a3"}
}
