TN:
SF:src/modelRegistry.js
FN:26,(anonymous_0)
FN:42,(anonymous_1)
FN:130,(anonymous_2)
FN:162,(anonymous_3)
FN:192,(anonymous_4)
FN:217,(anonymous_5)
FN:230,(anonymous_6)
FN:246,(anonymous_7)
FNF:8
FNH:0
FNDA:0,(anonymous_0)
FNDA:0,(anonymous_1)
FNDA:0,(anonymous_2)
FNDA:0,(anonymous_3)
FNDA:0,(anonymous_4)
FNDA:0,(anonymous_5)
FNDA:0,(anonymous_6)
FNDA:0,(anonymous_7)
DA:10,1
DA:20,1
DA:27,0
DA:44,0
DA:45,0
DA:47,0
DA:48,0
DA:50,0
DA:51,0
DA:53,0
DA:54,0
DA:58,0
DA:59,0
DA:61,0
DA:63,0
DA:64,0
DA:68,0
DA:69,0
DA:70,0
DA:71,0
DA:72,0
DA:79,0
DA:80,0
DA:81,0
DA:82,0
DA:86,0
DA:87,0
DA:90,0
DA:109,0
DA:112,0
DA:115,0
DA:117,0
DA:132,0
DA:133,0
DA:135,0
DA:136,0
DA:138,0
DA:139,0
DA:143,0
DA:144,0
DA:145,0
DA:146,0
DA:149,0
DA:152,0
DA:153,0
DA:156,0
DA:157,0
DA:161,0
DA:162,0
DA:164,0
DA:165,0
DA:169,0
DA:176,0
DA:179,0
DA:181,0
DA:193,0
DA:194,0
DA:196,0
DA:197,0
DA:200,0
DA:201,0
DA:203,0
DA:204,0
DA:207,0
DA:218,0
DA:219,0
DA:222,0
DA:223,0
DA:231,0
DA:232,0
DA:234,0
DA:235,0
DA:238,0
DA:239,0
DA:247,0
DA:248,0
DA:251,0
DA:252,0
DA:254,0
DA:257,0
DA:258,0
DA:260,0
DA:263,0
DA:267,1
LF:84
LH:3
BRDA:44,0,0,0
BRDA:44,0,1,0
BRDA:47,1,0,0
BRDA:47,1,1,0
BRDA:50,2,0,0
BRDA:50,2,1,0
BRDA:53,3,0,0
BRDA:53,3,1,0
BRDA:63,4,0,0
BRDA:63,4,1,0
BRDA:69,5,0,0
BRDA:69,5,1,0
BRDA:71,6,0,0
BRDA:71,6,1,0
BRDA:81,7,0,0
BRDA:81,7,1,0
BRDA:81,8,0,0
BRDA:81,8,1,0
BRDA:132,9,0,0
BRDA:132,9,1,0
BRDA:135,10,0,0
BRDA:135,10,1,0
BRDA:138,11,0,0
BRDA:138,11,1,0
BRDA:145,12,0,0
BRDA:145,12,1,0
BRDA:145,13,0,0
BRDA:145,13,1,0
BRDA:156,14,0,0
BRDA:156,14,1,0
BRDA:156,15,0,0
BRDA:156,15,1,0
BRDA:164,16,0,0
BRDA:164,16,1,0
BRDA:193,17,0,0
BRDA:193,17,1,0
BRDA:196,18,0,0
BRDA:196,18,1,0
BRDA:203,19,0,0
BRDA:203,19,1,0
BRDA:203,20,0,0
BRDA:203,20,1,0
BRDA:218,21,0,0
BRDA:218,21,1,0
BRDA:234,22,0,0
BRDA:234,22,1,0
BRDA:234,23,0,0
BRDA:234,23,1,0
BRDA:239,24,0,0
BRDA:239,24,1,0
BRDA:251,25,0,0
BRDA:251,25,1,0
BRDA:251,26,0,0
BRDA:251,26,1,0
BRDA:257,27,0,0
BRDA:257,27,1,0
BRF:56
BRH:0
end_of_record
TN:
SF:src/models.js
FN:13,validateModelId
FN:26,validateVersion
FN:39,validateHash
FN:52,validateSignature
FN:65,validateParameters
FN:79,compareVersions
FN:98,createModelKey
FN:107,createModelIndexKey
FNF:8
FNH:0
FNDA:0,validateModelId
FNDA:0,validateVersion
FNDA:0,validateHash
FNDA:0,validateSignature
FNDA:0,validateParameters
FNDA:0,compareVersions
FNDA:0,createModelKey
FNDA:0,createModelIndexKey
DA:14,0
DA:15,0
DA:18,0
DA:27,0
DA:28,0
DA:31,0
DA:40,0
DA:41,0
DA:44,0
DA:53,0
DA:54,0
DA:57,0
DA:66,0
DA:67,0
DA:70,0
DA:80,0
DA:81,0
DA:83,0
DA:84,0
DA:85,0
DA:86,0
DA:87,0
DA:89,0
DA:99,0
DA:108,0
DA:111,1
LF:26
LH:1
BRDA:14,0,0,0
BRDA:14,0,1,0
BRDA:14,1,0,0
BRDA:14,1,1,0
BRDA:27,2,0,0
BRDA:27,2,1,0
BRDA:27,3,0,0
BRDA:27,3,1,0
BRDA:40,4,0,0
BRDA:40,4,1,0
BRDA:40,5,0,0
BRDA:40,5,1,0
BRDA:53,6,0,0
BRDA:53,6,1,0
BRDA:53,7,0,0
BRDA:53,7,1,0
BRDA:57,8,0,0
BRDA:57,8,1,0
BRDA:66,9,0,0
BRDA:66,9,1,0
BRDA:66,10,0,0
BRDA:66,10,1,0
BRDA:84,11,0,0
BRDA:84,11,1,0
BRDA:85,12,0,0
BRDA:85,12,1,0
BRDA:86,13,0,0
BRDA:86,13,1,0
BRDA:87,14,0,0
BRDA:87,14,1,0
BRF:30
BRH:0
end_of_record
