{"/Users/rhys/fabric-dev/fabric-dev-network/chaincode/contribution-ledger/src/contributionLedger.js": {"path":"/Users/rhys/fabric-dev/fabric-dev-network/chaincode/contribution-ledger/src/contributionLedger.js","statementMap":{"0":{"start":{"line":10,"column":21},"end":{"line":10,"column":51}},"1":{"start":{"line":16,"column":2},"end":{"line":16,"column":89}},"2":{"start":{"line":23,"column":2},"end":{"line":23,"column":88}},"3":{"start":{"line":30,"column":2},"end":{"line":30,"column":76}},"4":{"start":{"line":37,"column":14},"end":{"line":37,"column":32}},"5":{"start":{"line":38,"column":2},"end":{"line":38,"column":33}},"6":{"start":{"line":45,"column":2},"end":{"line":45,"column":52}},"7":{"start":{"line":52,"column":2},"end":{"line":52,"column":34}},"8":{"start":{"line":57,"column":4},"end":{"line":57,"column":61}},"9":{"start":{"line":81,"column":4},"end":{"line":83,"column":5}},"10":{"start":{"line":82,"column":6},"end":{"line":82,"column":49}},"11":{"start":{"line":84,"column":4},"end":{"line":86,"column":5}},"12":{"start":{"line":85,"column":6},"end":{"line":85,"column":55}},"13":{"start":{"line":87,"column":4},"end":{"line":89,"column":5}},"14":{"start":{"line":88,"column":6},"end":{"line":88,"column":70}},"15":{"start":{"line":90,"column":4},"end":{"line":92,"column":5}},"16":{"start":{"line":91,"column":6},"end":{"line":91,"column":78}},"17":{"start":{"line":95,"column":4},"end":{"line":99,"column":5}},"18":{"start":{"line":96,"column":6},"end":{"line":96,"column":43}},"19":{"start":{"line":98,"column":6},"end":{"line":98,"column":63}},"20":{"start":{"line":102,"column":28},"end":{"line":102,"column":73}},"21":{"start":{"line":103,"column":21},"end":{"line":103,"column":61}},"22":{"start":{"line":104,"column":4},"end":{"line":108,"column":5}},"23":{"start":{"line":105,"column":6},"end":{"line":107,"column":8}},"24":{"start":{"line":111,"column":25},"end":{"line":111,"column":54}},"25":{"start":{"line":112,"column":24},"end":{"line":112,"column":50}},"26":{"start":{"line":115,"column":25},"end":{"line":124,"column":5}},"27":{"start":{"line":127,"column":4},"end":{"line":130,"column":6}},"28":{"start":{"line":133,"column":4},"end":{"line":133,"column":62}},"29":{"start":{"line":136,"column":4},"end":{"line":136,"column":87}},"30":{"start":{"line":138,"column":4},"end":{"line":138,"column":24}},"31":{"start":{"line":146,"column":4},"end":{"line":148,"column":5}},"32":{"start":{"line":147,"column":6},"end":{"line":147,"column":49}},"33":{"start":{"line":149,"column":4},"end":{"line":151,"column":5}},"34":{"start":{"line":150,"column":6},"end":{"line":150,"column":55}},"35":{"start":{"line":153,"column":28},"end":{"line":153,"column":73}},"36":{"start":{"line":154,"column":30},"end":{"line":154,"column":70}},"37":{"start":{"line":156,"column":4},"end":{"line":160,"column":5}},"38":{"start":{"line":157,"column":6},"end":{"line":159,"column":8}},"39":{"start":{"line":162,"column":4},"end":{"line":162,"column":52}},"40":{"start":{"line":170,"column":4},"end":{"line":172,"column":5}},"41":{"start":{"line":171,"column":6},"end":{"line":171,"column":49}},"42":{"start":{"line":174,"column":21},"end":{"line":174,"column":49}},"43":{"start":{"line":175,"column":23},"end":{"line":175,"column":56}},"44":{"start":{"line":177,"column":4},"end":{"line":179,"column":5}},"45":{"start":{"line":178,"column":6},"end":{"line":178,"column":16}},"46":{"start":{"line":181,"column":18},"end":{"line":181,"column":51}},"47":{"start":{"line":182,"column":26},"end":{"line":182,"column":28}},"48":{"start":{"line":184,"column":4},"end":{"line":190,"column":5}},"49":{"start":{"line":185,"column":30},"end":{"line":185,"column":75}},"50":{"start":{"line":186,"column":32},"end":{"line":186,"column":72}},"51":{"start":{"line":187,"column":6},"end":{"line":189,"column":7}},"52":{"start":{"line":188,"column":8},"end":{"line":188,"column":69}},"53":{"start":{"line":192,"column":4},"end":{"line":192,"column":25}},"54":{"start":{"line":200,"column":4},"end":{"line":202,"column":5}},"55":{"start":{"line":201,"column":6},"end":{"line":201,"column":49}},"56":{"start":{"line":204,"column":26},"end":{"line":204,"column":68}},"57":{"start":{"line":206,"column":20},"end":{"line":219,"column":5}},"58":{"start":{"line":210,"column":20},"end":{"line":210,"column":48}},"59":{"start":{"line":213,"column":46},"end":{"line":218,"column":7}},"60":{"start":{"line":221,"column":4},"end":{"line":221,"column":19}},"61":{"start":{"line":229,"column":21},"end":{"line":229,"column":49}},"62":{"start":{"line":230,"column":23},"end":{"line":230,"column":56}},"63":{"start":{"line":233,"column":4},"end":{"line":237,"column":5}},"64":{"start":{"line":234,"column":6},"end":{"line":234,"column":44}},"65":{"start":{"line":236,"column":6},"end":{"line":236,"column":48}},"66":{"start":{"line":239,"column":4},"end":{"line":241,"column":5}},"67":{"start":{"line":240,"column":6},"end":{"line":240,"column":45}},"68":{"start":{"line":243,"column":4},"end":{"line":243,"column":74}},"69":{"start":{"line":247,"column":0},"end":{"line":247,"column":36}}},"fnMap":{"0":{"name":"validateRoundId","decl":{"start":{"line":15,"column":9},"end":{"line":15,"column":24}},"loc":{"start":{"line":15,"column":34},"end":{"line":17,"column":1}},"line":15},"1":{"name":"validateContributorId","decl":{"start":{"line":22,"column":9},"end":{"line":22,"column":30}},"loc":{"start":{"line":22,"column":46},"end":{"line":24,"column":1}},"line":22},"2":{"name":"validateHash","decl":{"start":{"line":29,"column":9},"end":{"line":29,"column":21}},"loc":{"start":{"line":29,"column":28},"end":{"line":31,"column":1}},"line":29},"3":{"name":"validatePrivacyBudget","decl":{"start":{"line":36,"column":9},"end":{"line":36,"column":30}},"loc":{"start":{"line":36,"column":39},"end":{"line":39,"column":1}},"line":36},"4":{"name":"createContributionKey","decl":{"start":{"line":44,"column":9},"end":{"line":44,"column":30}},"loc":{"start":{"line":44,"column":55},"end":{"line":46,"column":1}},"line":44},"5":{"name":"createRoundIndexKey","decl":{"start":{"line":51,"column":9},"end":{"line":51,"column":28}},"loc":{"start":{"line":51,"column":38},"end":{"line":53,"column":1}},"line":51},"6":{"name":"(anonymous_6)","decl":{"start":{"line":56,"column":2},"end":{"line":56,"column":3}},"loc":{"start":{"line":56,"column":24},"end":{"line":58,"column":3}},"line":56},"7":{"name":"(anonymous_7)","decl":{"start":{"line":72,"column":2},"end":{"line":72,"column":3}},"loc":{"start":{"line":79,"column":4},"end":{"line":139,"column":3}},"line":79},"8":{"name":"(anonymous_8)","decl":{"start":{"line":145,"column":2},"end":{"line":145,"column":3}},"loc":{"start":{"line":145,"column":53},"end":{"line":163,"column":3}},"line":145},"9":{"name":"(anonymous_9)","decl":{"start":{"line":169,"column":2},"end":{"line":169,"column":3}},"loc":{"start":{"line":169,"column":40},"end":{"line":193,"column":3}},"line":169},"10":{"name":"(anonymous_10)","decl":{"start":{"line":199,"column":2},"end":{"line":199,"column":3}},"loc":{"start":{"line":199,"column":38},"end":{"line":222,"column":3}},"line":199},"11":{"name":"(anonymous_11)","decl":{"start":{"line":210,"column":8},"end":{"line":210,"column":9}},"loc":{"start":{"line":210,"column":20},"end":{"line":210,"column":48}},"line":210},"12":{"name":"(anonymous_12)","decl":{"start":{"line":213,"column":38},"end":{"line":213,"column":39}},"loc":{"start":{"line":213,"column":46},"end":{"line":218,"column":7}},"line":213},"13":{"name":"(anonymous_13)","decl":{"start":{"line":228,"column":2},"end":{"line":228,"column":3}},"loc":{"start":{"line":228,"column":55},"end":{"line":244,"column":3}},"line":228}},"branchMap":{"0":{"loc":{"start":{"line":16,"column":9},"end":{"line":16,"column":88}},"type":"binary-expr","locations":[{"start":{"line":16,"column":9},"end":{"line":16,"column":16}},{"start":{"line":16,"column":20},"end":{"line":16,"column":47}},{"start":{"line":16,"column":51},"end":{"line":16,"column":88}}],"line":16},"1":{"loc":{"start":{"line":23,"column":9},"end":{"line":23,"column":87}},"type":"binary-expr","locations":[{"start":{"line":23,"column":9},"end":{"line":23,"column":22}},{"start":{"line":23,"column":26},"end":{"line":23,"column":59}},{"start":{"line":23,"column":63},"end":{"line":23,"column":87}}],"line":23},"2":{"loc":{"start":{"line":30,"column":9},"end":{"line":30,"column":75}},"type":"binary-expr","locations":[{"start":{"line":30,"column":9},"end":{"line":30,"column":13}},{"start":{"line":30,"column":17},"end":{"line":30,"column":41}},{"start":{"line":30,"column":45},"end":{"line":30,"column":75}}],"line":30},"3":{"loc":{"start":{"line":38,"column":9},"end":{"line":38,"column":32}},"type":"binary-expr","locations":[{"start":{"line":38,"column":9},"end":{"line":38,"column":20}},{"start":{"line":38,"column":24},"end":{"line":38,"column":32}}],"line":38},"4":{"loc":{"start":{"line":81,"column":4},"end":{"line":83,"column":5}},"type":"if","locations":[{"start":{"line":81,"column":4},"end":{"line":83,"column":5}},{"start":{},"end":{}}],"line":81},"5":{"loc":{"start":{"line":84,"column":4},"end":{"line":86,"column":5}},"type":"if","locations":[{"start":{"line":84,"column":4},"end":{"line":86,"column":5}},{"start":{},"end":{}}],"line":84},"6":{"loc":{"start":{"line":87,"column":4},"end":{"line":89,"column":5}},"type":"if","locations":[{"start":{"line":87,"column":4},"end":{"line":89,"column":5}},{"start":{},"end":{}}],"line":87},"7":{"loc":{"start":{"line":90,"column":4},"end":{"line":92,"column":5}},"type":"if","locations":[{"start":{"line":90,"column":4},"end":{"line":92,"column":5}},{"start":{},"end":{}}],"line":90},"8":{"loc":{"start":{"line":104,"column":4},"end":{"line":108,"column":5}},"type":"if","locations":[{"start":{"line":104,"column":4},"end":{"line":108,"column":5}},{"start":{},"end":{}}],"line":104},"9":{"loc":{"start":{"line":104,"column":8},"end":{"line":104,"column":39}},"type":"binary-expr","locations":[{"start":{"line":104,"column":8},"end":{"line":104,"column":16}},{"start":{"line":104,"column":20},"end":{"line":104,"column":39}}],"line":104},"10":{"loc":{"start":{"line":146,"column":4},"end":{"line":148,"column":5}},"type":"if","locations":[{"start":{"line":146,"column":4},"end":{"line":148,"column":5}},{"start":{},"end":{}}],"line":146},"11":{"loc":{"start":{"line":149,"column":4},"end":{"line":151,"column":5}},"type":"if","locations":[{"start":{"line":149,"column":4},"end":{"line":151,"column":5}},{"start":{},"end":{}}],"line":149},"12":{"loc":{"start":{"line":156,"column":4},"end":{"line":160,"column":5}},"type":"if","locations":[{"start":{"line":156,"column":4},"end":{"line":160,"column":5}},{"start":{},"end":{}}],"line":156},"13":{"loc":{"start":{"line":156,"column":8},"end":{"line":156,"column":60}},"type":"binary-expr","locations":[{"start":{"line":156,"column":8},"end":{"line":156,"column":26}},{"start":{"line":156,"column":30},"end":{"line":156,"column":60}}],"line":156},"14":{"loc":{"start":{"line":170,"column":4},"end":{"line":172,"column":5}},"type":"if","locations":[{"start":{"line":170,"column":4},"end":{"line":172,"column":5}},{"start":{},"end":{}}],"line":170},"15":{"loc":{"start":{"line":177,"column":4},"end":{"line":179,"column":5}},"type":"if","locations":[{"start":{"line":177,"column":4},"end":{"line":179,"column":5}},{"start":{},"end":{}}],"line":177},"16":{"loc":{"start":{"line":177,"column":8},"end":{"line":177,"column":46}},"type":"binary-expr","locations":[{"start":{"line":177,"column":8},"end":{"line":177,"column":19}},{"start":{"line":177,"column":23},"end":{"line":177,"column":46}}],"line":177},"17":{"loc":{"start":{"line":184,"column":32},"end":{"line":184,"column":56}},"type":"binary-expr","locations":[{"start":{"line":184,"column":32},"end":{"line":184,"column":50}},{"start":{"line":184,"column":54},"end":{"line":184,"column":56}}],"line":184},"18":{"loc":{"start":{"line":187,"column":6},"end":{"line":189,"column":7}},"type":"if","locations":[{"start":{"line":187,"column":6},"end":{"line":189,"column":7}},{"start":{},"end":{}}],"line":187},"19":{"loc":{"start":{"line":187,"column":10},"end":{"line":187,"column":59}},"type":"binary-expr","locations":[{"start":{"line":187,"column":10},"end":{"line":187,"column":27}},{"start":{"line":187,"column":31},"end":{"line":187,"column":59}}],"line":187},"20":{"loc":{"start":{"line":200,"column":4},"end":{"line":202,"column":5}},"type":"if","locations":[{"start":{"line":200,"column":4},"end":{"line":202,"column":5}},{"start":{},"end":{}}],"line":200},"21":{"loc":{"start":{"line":210,"column":27},"end":{"line":210,"column":47}},"type":"binary-expr","locations":[{"start":{"line":210,"column":27},"end":{"line":210,"column":42}},{"start":{"line":210,"column":46},"end":{"line":210,"column":47}}],"line":210},"22":{"loc":{"start":{"line":233,"column":4},"end":{"line":237,"column":5}},"type":"if","locations":[{"start":{"line":233,"column":4},"end":{"line":237,"column":5}},{"start":{"line":235,"column":11},"end":{"line":237,"column":5}}],"line":233},"23":{"loc":{"start":{"line":233,"column":8},"end":{"line":233,"column":46}},"type":"binary-expr","locations":[{"start":{"line":233,"column":8},"end":{"line":233,"column":19}},{"start":{"line":233,"column":23},"end":{"line":233,"column":46}}],"line":233},"24":{"loc":{"start":{"line":239,"column":4},"end":{"line":241,"column":5}},"type":"if","locations":[{"start":{"line":239,"column":4},"end":{"line":241,"column":5}},{"start":{},"end":{}}],"line":239}},"s":{"0":1,"1":0,"2":0,"3":0,"4":0,"5":0,"6":0,"7":0,"8":0,"9":0,"10":0,"11":0,"12":0,"13":0,"14":0,"15":0,"16":0,"17":0,"18":0,"19":0,"20":0,"21":0,"22":0,"23":0,"24":0,"25":0,"26":0,"27":0,"28":0,"29":0,"30":0,"31":0,"32":0,"33":0,"34":0,"35":0,"36":0,"37":0,"38":0,"39":0,"40":0,"41":0,"42":0,"43":0,"44":0,"45":0,"46":0,"47":0,"48":0,"49":0,"50":0,"51":0,"52":0,"53":0,"54":0,"55":0,"56":0,"57":0,"58":0,"59":0,"60":0,"61":0,"62":0,"63":0,"64":0,"65":0,"66":0,"67":0,"68":0,"69":1},"f":{"0":0,"1":0,"2":0,"3":0,"4":0,"5":0,"6":0,"7":0,"8":0,"9":0,"10":0,"11":0,"12":0,"13":0},"b":{"0":[0,0,0],"1":[0,0,0],"2":[0,0,0],"3":[0,0],"4":[0,0],"5":[0,0],"6":[0,0],"7":[0,0],"8":[0,0],"9":[0,0],"10":[0,0],"11":[0,0],"12":[0,0],"13":[0,0],"14":[0,0],"15":[0,0],"16":[0,0],"17":[0,0],"18":[0,0],"19":[0,0],"20":[0,0],"21":[0,0],"22":[0,0],"23":[0,0],"24":[0,0]},"_coverageSchema":"1a1c01bbd47fc00a2c39e90264f33305004495a9","hash":"70121cabe832375d750a9e2d3bfba93ecadffdac"}
}
